Using Python 3.13.12 environment at: .venv-test
Resolved 100 packages in 319ms
   Building argo-agent @ file:///home/vadim/Code/argo/dist/argo
      Built argo-agent @ file:///home/vadim/Code/argo/dist/argo
Prepared 3 packages in 1.27s
Uninstalled 1 package in 1ms
Installed 28 packages in 135ms
 + agent-client-protocol==0.9.0
 + aiohappyeyeballs==2.6.2
 + aiohttp==3.13.3
 + aiosignal==1.4.0
 ~ argo-agent==0.14.0 (from file:///home/vadim/Code/argo/dist/argo)
 + defusedxml==0.7.1
 + frozenlist==1.8.0
 + google-api-core==2.30.3
 + google-api-python-client==2.194.0
 + google-auth==2.53.0
 + google-auth-httplib2==0.3.1
 + google-auth-oauthlib==1.3.1
 + googleapis-common-protos==1.75.0
 + httplib2==0.31.2
 + multidict==6.7.1
 + oauthlib==3.3.1
 + propcache==0.5.2
 + proto-plus==1.28.0
 + protobuf==7.35.0
 + ptyprocess==0.7.0
 + pyasn1==0.6.3
 + pyasn1-modules==0.4.2
 + pyparsing==3.3.2
 + requests-oauthlib==2.0.0
 + simple-term-menu==1.6.6
 + uritemplate==4.2.0
 + yarl==1.24.2
 + youtube-transcript-api==1.2.4
